# JRE version: OpenJDK Runtime Environment (8.0_242-b01) (build 1.8.0_242-release-1644-b01)
# Java VM: OpenJDK 64-Bit Server VM (25.242-b01 mixed mode windows-amd64 compressed oops)
Heap:
 PSYoungGen      total 322048K, used 206113K [0x00000000d5580000, 0x00000000eb380000, 0x0000000100000000)
  eden space 302080K, 61% used [0x00000000d5580000,0x00000000e0b4f6d0,0x00000000e7c80000)
  from space 19968K, 99% used [0x00000000e9900000,0x00000000eac78d98,0x00000000eac80000)
  to   space 28160K, 0% used [0x00000000e7c80000,0x00000000e7c80000,0x00000000e9800000)
 ParOldGen       total 172032K, used 46336K [0x0000000080000000, 0x000000008a800000, 0x00000000d5580000)
  object space 172032K, 26% used [0x0000000080000000,0x0000000082d402d8,0x000000008a800000)
 Metaspace       used 85954K, capacity 90184K, committed 90280K, reserved 1128448K
  class space    used 11315K, capacity 12170K, committed 12200K, reserved 1048576K
GC Heap History (10 events):
Event: 75.773 GC heap before
{Heap before GC invocations=11 (full 2):
 PSYoungGen      total 182784K, used 182757K [0x00000000d5580000, 0x00000000e2200000, 0x0000000100000000)
  eden space 172544K, 100% used [0x00000000d5580000,0x00000000dfe00000,0x00000000dfe00000)
  from space 10240K, 99% used [0x00000000e1800000,0x00000000e21f9490,0x00000000e2200000)
  to   space 12288K, 0% used [0x00000000e0a00000,0x00000000e0a00000,0x00000000e1600000)
 ParOldGen       total 131072K, used 16554K [0x0000000080000000, 0x0000000088000000, 0x00000000d5580000)
  object space 131072K, 12% used [0x0000000080000000,0x000000008102ab48,0x0000000088000000)
 Metaspace       used 56033K, capacity 58172K, committed 58408K, reserved 1099776K
  class space    used 7664K, capacity 8137K, committed 8232K, reserved 1048576K
Event: 75.818 GC heap after
Heap after GC invocations=11 (full 2):
 PSYoungGen      total 197120K, used 12260K [0x00000000d5580000, 0x00000000e5600000, 0x0000000100000000)
  eden space 184832K, 0% used [0x00000000d5580000,0x00000000d5580000,0x00000000e0a00000)
  from space 12288K, 99% used [0x00000000e0a00000,0x00000000e15f92f0,0x00000000e1600000)
  to   space 18432K, 0% used [0x00000000e4400000,0x00000000e4400000,0x00000000e5600000)
 ParOldGen       total 131072K, used 28423K [0x0000000080000000, 0x0000000088000000, 0x00000000d5580000)
  object space 131072K, 21% used [0x0000000080000000,0x0000000081bc1d18,0x0000000088000000)
 Metaspace       used 56033K, capacity 58172K, committed 58408K, reserved 1099776K
  class space    used 7664K, capacity 8137K, committed 8232K, reserved 1048576K
}
Event: 76.169 GC heap before
{Heap before GC invocations=12 (full 2):
 PSYoungGen      total 197120K, used 25924K [0x00000000d5580000, 0x00000000e5600000, 0x0000000100000000)
  eden space 184832K, 7% used [0x00000000d5580000,0x00000000d62d7f18,0x00000000e0a00000)
  from space 12288K, 99% used [0x00000000e0a00000,0x00000000e15f92f0,0x00000000e1600000)
  to   space 18432K, 0% used [0x00000000e4400000,0x00000000e4400000,0x00000000e5600000)
 ParOldGen       total 131072K, used 28423K [0x0000000080000000, 0x0000000088000000, 0x00000000d5580000)
  object space 131072K, 21% used [0x0000000080000000,0x0000000081bc1d18,0x0000000088000000)
 Metaspace       used 56815K, capacity 59050K, committed 59160K, reserved 1099776K
  class space    used 7788K, capacity 8273K, committed 8360K, reserved 1048576K
Event: 76.189 GC heap after
Heap after GC invocations=12 (full 2):
 PSYoungGen      total 244736K, used 9224K [0x00000000d5580000, 0x00000000e7f00000, 0x0000000100000000)
  eden space 226304K, 0% used [0x00000000d5580000,0x00000000d5580000,0x00000000e3280000)
  from space 18432K, 50% used [0x00000000e4400000,0x00000000e4d02230,0x00000000e5600000)
  to   space 17920K, 0% used [0x00000000e3280000,0x00000000e3280000,0x00000000e4400000)
 ParOldGen       total 131072K, used 32509K [0x0000000080000000, 0x0000000088000000, 0x00000000d5580000)
  object space 131072K, 24% used [0x0000000080000000,0x0000000081fbf5d8,0x0000000088000000)
 Metaspace       used 56815K, capacity 59050K, committed 59160K, reserved 1099776K
  class space    used 7788K, capacity 8273K, committed 8360K, reserved 1048576K
}
Event: 76.189 GC heap before
{Heap before GC invocations=13 (full 3):
 PSYoungGen      total 244736K, used 9224K [0x00000000d5580000, 0x00000000e7f00000, 0x0000000100000000)
  eden space 226304K, 0% used [0x00000000d5580000,0x00000000d5580000,0x00000000e3280000)
  from space 18432K, 50% used [0x00000000e4400000,0x00000000e4d02230,0x00000000e5600000)
  to   space 17920K, 0% used [0x00000000e3280000,0x00000000e3280000,0x00000000e4400000)
 ParOldGen       total 131072K, used 32509K [0x0000000080000000, 0x0000000088000000, 0x00000000d5580000)
  object space 131072K, 24% used [0x0000000080000000,0x0000000081fbf5d8,0x0000000088000000)
 Metaspace       used 56815K, capacity 59050K, committed 59160K, reserved 1099776K
  class space    used 7788K, capacity 8273K, committed 8360K, reserved 1048576K
Event: 76.811 GC heap after
Heap after GC invocations=13 (full 3):
 PSYoungGen      total 244736K, used 0K [0x00000000d5580000, 0x00000000e7f00000, 0x0000000100000000)
  eden space 226304K, 0% used [0x00000000d5580000,0x00000000d5580000,0x00000000e3280000)
  from space 18432K, 0% used [0x00000000e4400000,0x00000000e4400000,0x00000000e5600000)
  to   space 17920K, 0% used [0x00000000e3280000,0x00000000e3280000,0x00000000e4400000)
 ParOldGen       total 172032K, used 29986K [0x0000000080000000, 0x000000008a800000, 0x00000000d5580000)
  object space 172032K, 17% used [0x0000000080000000,0x0000000081d488f0,0x000000008a800000)
 Metaspace       used 56769K, capacity 58900K, committed 59160K, reserved 1099776K
  class space    used 7774K, capacity 8248K, committed 8360K, reserved 1048576K
}
Event: 83.718 GC heap before
{Heap before GC invocations=14 (full 3):
 PSYoungGen      total 244736K, used 226304K [0x00000000d5580000, 0x00000000e7f00000, 0x0000000100000000)
  eden space 226304K, 100% used [0x00000000d5580000,0x00000000e3280000,0x00000000e3280000)
  from space 18432K, 0% used [0x00000000e4400000,0x00000000e4400000,0x00000000e5600000)
  to   space 17920K, 0% used [0x00000000e3280000,0x00000000e3280000,0x00000000e4400000)
 ParOldGen       total 172032K, used 29986K [0x0000000080000000, 0x000000008a800000, 0x00000000d5580000)
  object space 172032K, 17% used [0x0000000080000000,0x0000000081d488f0,0x000000008a800000)
 Metaspace       used 67887K, capacity 71112K, committed 71336K, reserved 1110016K
  class space    used 9469K, capacity 10107K, committed 10152K, reserved 1048576K
Event: 83.744 GC heap after
Heap after GC invocations=14 (full 3):
 PSYoungGen      total 244224K, used 17916K [0x00000000d5580000, 0x00000000eac80000, 0x0000000100000000)
  eden space 226304K, 0% used [0x00000000d5580000,0x00000000d5580000,0x00000000e3280000)
  from space 17920K, 99% used [0x00000000e3280000,0x00000000e43ff328,0x00000000e4400000)
  to   space 19968K, 0% used [0x00000000e9900000,0x00000000e9900000,0x00000000eac80000)
 ParOldGen       total 172032K, used 30678K [0x0000000080000000, 0x000000008a800000, 0x00000000d5580000)
  object space 172032K, 17% used [0x0000000080000000,0x0000000081df5970,0x000000008a800000)
 Metaspace       used 67887K, capacity 71112K, committed 71336K, reserved 1110016K
  class space    used 9469K, capacity 10107K, committed 10152K, reserved 1048576K
}
Event: 227.252 GC heap before
{Heap before GC invocations=15 (full 3):
 PSYoungGen      total 244224K, used 244220K [0x00000000d5580000, 0x00000000eac80000, 0x0000000100000000)
  eden space 226304K, 100% used [0x00000000d5580000,0x00000000e3280000,0x00000000e3280000)
  from space 17920K, 99% used [0x00000000e3280000,0x00000000e43ff328,0x00000000e4400000)
  to   space 19968K, 0% used [0x00000000e9900000,0x00000000e9900000,0x00000000eac80000)
 ParOldGen       total 172032K, used 30678K [0x0000000080000000, 0x000000008a800000, 0x00000000d5580000)
  object space 172032K, 17% used [0x0000000080000000,0x0000000081df5970,0x000000008a800000)
 Metaspace       used 83027K, capacity 86924K, committed 87080K, reserved 1124352K
  class space    used 11038K, capacity 11799K, committed 11816K, reserved 1048576K
Event: 227.307 GC heap after
Heap after GC invocations=15 (full 3):
 PSYoungGen      total 322048K, used 19939K [0x00000000d5580000, 0x00000000eb380000, 0x0000000100000000)
  eden space 302080K, 0% used [0x00000000d5580000,0x00000000d5580000,0x00000000e7c80000)
  from space 19968K, 99% used [0x00000000e9900000,0x00000000eac78d98,0x00000000eac80000)
  to   space 28160K, 0% used [0x00000000e7c80000,0x00000000e7c80000,0x00000000e9800000)
 ParOldGen       total 172032K, used 46336K [0x0000000080000000, 0x000000008a800000, 0x00000000d5580000)
  object space 172032K, 26% used [0x0000000080000000,0x0000000082d402d8,0x000000008a800000)
 Metaspace       used 83027K, capacity 86924K, committed 87080K, reserved 1124352K
  class space    used 11038K, capacity 11799K, committed 11816K, reserved 1048576K
}

